<?xml version="1.0" encoding="UTF-8"?>
<testsuites name="Suite" time="60.885" tests="2" failures="0" errors="0">
   <testsuite name="Suite" tests="2" failures="0" errors="0" time="60.885" skipped="0" timestamp="2022-05-04 10:06:34" hostname="Nagendra - 192.168.0.6" id="Test Suites/Suite">
      <properties>
         <property name="deviceName" value=""/>
         <property name="devicePlatform" value=""/>
         <property name="logFolder" value="D:\\Katalon Studio\\project\\Demo\\Reports\\20220504_100246\\Suite\\20220504_100247"/>
         <property name="logFiles" value="D:\\Katalon Studio\\project\\Demo\\Reports\\20220504_100246\\Suite\\20220504_100247\\execution0.log"/>
         <property name="attachments" value=""/>
         <property name="hostName" value="Nagendra - 192.168.0.6"/>
         <property name="os" value="Windows 10 64bit"/>
         <property name="katalonVersion" value="8.3.0.208"/>
         <property name="browser" value="Chrome 100.0.4896.127"/>
         <property name="hostAddress" value="192.168.0.6"/>
         <property name="sessionId" value="458cbf65b38b49967f5790f7fdd470b4"/>
         <property name="seleniumVersion" value="3.141.59"/>
         <property name="proxyInformation" value="ProxyInformation { proxyOption=NO_PROXY, proxyServerType=HTTP, username=, password=********, proxyServerAddress=, proxyServerPort=0, executionList=&quot;&quot;, isApplyToDesiredCapabilities=true }"/>
         <property name="platform" value="Windows 10"/>
      </properties>
      <testcase name="Test Cases/Demo1/RecordMode _Demo" time="41.18" classname="Test Cases/Demo1/RecordMode _Demo" status="PASSED">
         <system-out><![CDATA[2022-05-04 10:06:35 - [TEST_CASE][PASSED] - Test Cases/Demo1/RecordMode _Demo: Test Cases/Demo1/RecordMode _Demo

2022-05-04 10:06:35 - [TEST_STEP][PASSED] - openBrowser(""): Browser is opened with url: ''

2022-05-04 10:06:36 - [MESSAGE][INFO] - Starting 'Chrome' driver

2022-05-04 10:06:39 - [MESSAGE][INFO] - Action delay is set to 0 milliseconds

2022-05-04 10:06:52 - [MESSAGE][PASSED] - Browser is opened with url: ''

2022-05-04 10:06:52 - [TEST_STEP][PASSED] - navigateToUrl("https://katalon-demo-cura.herokuapp.com/"): Navigate to 'https://katalon-demo-cura.herokuapp.com/' successfully

2022-05-04 10:06:57 - [MESSAGE][PASSED] - Navigate to 'https://katalon-demo-cura.herokuapp.com/' successfully

2022-05-04 10:06:57 - [TEST_STEP][PASSED] - click(findTestObject("Object Repository/Page_CURA Healthcare Service/a_Make Appointment")): Object: 'Object Repository/Page_CURA Healthcare Service/a_Make Appointment' is clicked on

2022-05-04 10:06:58 - [MESSAGE][PASSED] - Object: 'Object Repository/Page_CURA Healthcare Service/a_Make Appointment' is clicked on

2022-05-04 10:06:58 - [TEST_STEP][PASSED] - setText(findTestObject("Object Repository/Page_CURA Healthcare Service/input_Username_username"), "John Doe"): Text 'John Doe' is set on object 'Object Repository/Page_CURA Healthcare Service/input_Username_username'

2022-05-04 10:07:00 - [MESSAGE][PASSED] - Text 'John Doe' is set on object 'Object Repository/Page_CURA Healthcare Service/input_Username_username'

2022-05-04 10:07:00 - [TEST_STEP][PASSED] - setEncryptedText(findTestObject("Object Repository/Page_CURA Healthcare Service/input_Password_password"), "g3/DOGG74jC3Flrr3yH+3D/yKbOqqUNM"): Text ****** has been set on object 'Object Repository/Page_CURA Healthcare Service/input_Password_password'

2022-05-04 10:07:02 - [MESSAGE][PASSED] - Text ****** has been set on object 'Object Repository/Page_CURA Healthcare Service/input_Password_password'

2022-05-04 10:07:02 - [TEST_STEP][PASSED] - click(findTestObject("Object Repository/Page_CURA Healthcare Service/button_Login")): Object: 'Object Repository/Page_CURA Healthcare Service/button_Login' is clicked on

2022-05-04 10:07:04 - [MESSAGE][PASSED] - Object: 'Object Repository/Page_CURA Healthcare Service/button_Login' is clicked on

2022-05-04 10:07:04 - [TEST_STEP][PASSED] - selectOptionByValue(findTestObject("Object Repository/Page_CURA Healthcare Service/select_Tokyo CURA Healthcare Center        _5b4107"), "Hongkong CURA Healthcare Center", true): All options with value 'Hongkong CURA Healthcare Center' are selected in object 'Object Repository/Page_CURA Healthcare Service/select_Tokyo CURA Healthcare Center        _5b4107'  using regular expression

2022-05-04 10:07:06 - [MESSAGE][PASSED] - All options with value 'Hongkong CURA Healthcare Center' are selected in object 'Object Repository/Page_CURA Healthcare Service/select_Tokyo CURA Healthcare Center        _5b4107'  using regular expression

2022-05-04 10:07:06 - [TEST_STEP][PASSED] - click(findTestObject("Object Repository/Page_CURA Healthcare Service/label_Apply for hospital readmission")): Object: 'Object Repository/Page_CURA Healthcare Service/label_Apply for hospital readmission' is clicked on

2022-05-04 10:07:07 - [MESSAGE][PASSED] - Object: 'Object Repository/Page_CURA Healthcare Service/label_Apply for hospital readmission' is clicked on

2022-05-04 10:07:07 - [TEST_STEP][PASSED] - click(findTestObject("Object Repository/Page_CURA Healthcare Service/label_Medicaid")): Object: 'Object Repository/Page_CURA Healthcare Service/label_Medicaid' is clicked on

2022-05-04 10:07:08 - [MESSAGE][PASSED] - Object: 'Object Repository/Page_CURA Healthcare Service/label_Medicaid' is clicked on

2022-05-04 10:07:08 - [TEST_STEP][PASSED] - click(findTestObject("Object Repository/Page_CURA Healthcare Service/span_Visit Date (Required)_glyphicon glyphi_cada34")): Object: 'Object Repository/Page_CURA Healthcare Service/span_Visit Date (Required)_glyphicon glyphi_cada34' is clicked on

2022-05-04 10:07:09 - [MESSAGE][PASSED] - Object: 'Object Repository/Page_CURA Healthcare Service/span_Visit Date (Required)_glyphicon glyphi_cada34' is clicked on

2022-05-04 10:07:09 - [TEST_STEP][PASSED] - click(findTestObject("Object Repository/Page_CURA Healthcare Service/td_14")): Object: 'Object Repository/Page_CURA Healthcare Service/td_14' is clicked on

2022-05-04 10:07:10 - [MESSAGE][PASSED] - Object: 'Object Repository/Page_CURA Healthcare Service/td_14' is clicked on

2022-05-04 10:07:10 - [TEST_STEP][PASSED] - setText(findTestObject("Object Repository/Page_CURA Healthcare Service/textarea_Comment_comment"), "Appointment done"): Text 'Appointment done' is set on object 'Object Repository/Page_CURA Healthcare Service/textarea_Comment_comment'

2022-05-04 10:07:11 - [MESSAGE][PASSED] - Text 'Appointment done' is set on object 'Object Repository/Page_CURA Healthcare Service/textarea_Comment_comment'

2022-05-04 10:07:11 - [TEST_STEP][PASSED] - click(findTestObject("Object Repository/Page_CURA Healthcare Service/button_Book Appointment")): Object: 'Object Repository/Page_CURA Healthcare Service/button_Book Appointment' is clicked on

2022-05-04 10:07:13 - [MESSAGE][PASSED] - Object: 'Object Repository/Page_CURA Healthcare Service/button_Book Appointment' is clicked on

2022-05-04 10:07:13 - [TEST_STEP][PASSED] - verifyElementText(findTestObject("Object Repository/Page_CURA Healthcare Service/h2_Appointment Confirmation"), "Appointment Confirmation"): Actual text and expected text of test object 'Object Repository/Page_CURA Healthcare Service/h2_Appointment Confirmation' are matched.

2022-05-04 10:07:13 - [MESSAGE][PASSED] - Actual text and expected text of test object 'Object Repository/Page_CURA Healthcare Service/h2_Appointment Confirmation' are matched.

2022-05-04 10:07:13 - [TEST_STEP][PASSED] - click(findTestObject("Object Repository/Page_CURA Healthcare Service/a_Go to Homepage")): Object: 'Object Repository/Page_CURA Healthcare Service/a_Go to Homepage' is clicked on

2022-05-04 10:07:14 - [MESSAGE][PASSED] - Object: 'Object Repository/Page_CURA Healthcare Service/a_Go to Homepage' is clicked on

2022-05-04 10:07:14 - [TEST_STEP][PASSED] - closeBrowser(): Browser is closed

2022-05-04 10:07:16 - [MESSAGE][PASSED] - Browser is closed]]></system-out>
         <system-err><![CDATA[]]></system-err>
      </testcase>
      <testcase name="Test Cases/Demo1/Script mode" time="18.936" classname="Test Cases/Demo1/Script mode" status="PASSED">
         <system-out><![CDATA[2022-05-04 10:07:16 - [TEST_CASE][PASSED] - Test Cases/Demo1/Script mode: Test Cases/Demo1/Script mode

2022-05-04 10:07:17 - [TEST_STEP][PASSED] - openBrowser(""): Browser is opened with url: ''

2022-05-04 10:07:17 - [MESSAGE][INFO] - Starting 'Chrome' driver

2022-05-04 10:07:17 - [MESSAGE][INFO] - Action delay is set to 0 milliseconds

2022-05-04 10:07:20 - [MESSAGE][PASSED] - Browser is opened with url: ''

2022-05-04 10:07:20 - [TEST_STEP][PASSED] - navigateToUrl("https://opensource-demo.orangehrmlive.com/"): Navigate to 'https://opensource-demo.orangehrmlive.com/' successfully

2022-05-04 10:07:24 - [MESSAGE][PASSED] - Navigate to 'https://opensource-demo.orangehrmlive.com/' successfully

2022-05-04 10:07:24 - [TEST_STEP][PASSED] - setText(findTestObject("Object Repository/Page_OrangeHRM/input_LOGIN Panel_txtUsername"), username): Text 'admin' is set on object 'Object Repository/Page_OrangeHRM/input_LOGIN Panel_txtUsername'

2022-05-04 10:07:26 - [MESSAGE][PASSED] - Text 'admin' is set on object 'Object Repository/Page_OrangeHRM/input_LOGIN Panel_txtUsername'

2022-05-04 10:07:26 - [TEST_STEP][PASSED] - setEncryptedText(findTestObject("Object Repository/Page_OrangeHRM/input_Username_txtPassword"), "hUKwJTbofgPU9eVlw/CnDQ=="): Text ****** has been set on object 'Object Repository/Page_OrangeHRM/input_Username_txtPassword'

2022-05-04 10:07:27 - [MESSAGE][PASSED] - Text ****** has been set on object 'Object Repository/Page_OrangeHRM/input_Username_txtPassword'

2022-05-04 10:07:27 - [TEST_STEP][PASSED] - click(findTestObject("Object Repository/Page_OrangeHRM/input_Password_Submit")): Object: 'Object Repository/Page_OrangeHRM/input_Password_Submit' is clicked on

2022-05-04 10:07:33 - [MESSAGE][PASSED] - Object: 'Object Repository/Page_OrangeHRM/input_Password_Submit' is clicked on

2022-05-04 10:07:33 - [TEST_STEP][PASSED] - verifyTextPresent("Welcom", false): Text 'Welcom' is present on page 

2022-05-04 10:07:34 - [MESSAGE][PASSED] - Text 'Welcom' is present on page 

2022-05-04 10:07:34 - [TEST_STEP][PASSED] - closeBrowser(): Browser is closed

2022-05-04 10:07:35 - [MESSAGE][PASSED] - Browser is closed]]></system-out>
         <system-err><![CDATA[]]></system-err>
      </testcase>
      <system-out><![CDATA[2022-05-04 10:06:34 - [TEST_SUITE][PASSED] - Suite: Test Cases/Demo1/Script mode]]></system-out>
      <system-err><![CDATA[]]></system-err>
   </testsuite>
</testsuites>
