<?xml version="1.0" encoding="UTF-8"?>
<testsuites name="ListnersDemo" time="3.455" tests="0" failures="0" errors="0">
   <testsuite name="ListnersDemo" tests="0" failures="0" errors="0" time="3.455" skipped="0" timestamp="2022-05-06 10:59:07" hostname="Nagendra - 192.168.0.8" id="Test Suites/ListnersDemo">
      <properties>
         <property name="deviceName" value=""/>
         <property name="devicePlatform" value=""/>
         <property name="logFolder" value="D:\\Katalon Studio\\project\\Demo\\Reports\\20220506_105859\\ListnersDemo\\20220506_105859"/>
         <property name="logFiles" value="D:\\Katalon Studio\\project\\Demo\\Reports\\20220506_105859\\ListnersDemo\\20220506_105859\\execution0.log"/>
         <property name="attachments" value=""/>
         <property name="hostName" value="Nagendra - 192.168.0.8"/>
         <property name="hostAddress" value="192.168.0.8"/>
         <property name="os" value="Windows 10 64bit"/>
         <property name="katalonVersion" value="8.3.0.208"/>
      </properties>
      <system-out><![CDATA[2022-05-06 10:59:07 - [TEST_SUITE][PASSED] - ListnersDemo: null]]></system-out>
      <system-err><![CDATA[]]></system-err>
   </testsuite>
</testsuites>
